Analysis & Synthesis report for t1a_fs_pwm
Wed Feb 05 01:15:01 2025
Quartus Prime Version 20.1.1 Build 720 11/11/2020 SJ Lite Edition


---------------------
; Table of Contents ;
---------------------
  1. Legal Notice
  2. Analysis & Synthesis Summary
  3. Analysis & Synthesis Settings
  4. Parallel Compilation
  5. Analysis & Synthesis Source Files Read
  6. Analysis & Synthesis Resource Usage Summary
  7. Analysis & Synthesis Resource Utilization by Entity
  8. General Register Statistics
  9. Inverted Register Statistics
 10. Parameter Settings for Inferred Entity Instance: pwm_generator:b2v_inst1|lpm_mult:Mult0
 11. lpm_mult Parameter Settings by Entity Instance
 12. Post-Synthesis Netlist Statistics for Top Partition
 13. Elapsed Time Per Partition
 14. Analysis & Synthesis Messages



----------------
; Legal Notice ;
----------------
Copyright (C) 2020  Intel Corporation. All rights reserved.
Your use of Intel Corporation's design tools, logic functions 
and other software and tools, and any partner logic 
functions, and any output files from any of the foregoing 
(including device programming or simulation files), and any 
associated documentation or information are expressly subject 
to the terms and conditions of the Intel Program License 
Subscription Agreement, the Intel Quartus Prime License Agreement,
the Intel FPGA IP License Agreement, or other applicable license
agreement, including, without limitation, that your use is for
the sole purpose of programming logic devices manufactured by
Intel and sold by Intel or its authorized distributors.  Please
refer to the applicable agreement for further details, at
https://fpgasoftware.intel.com/eula.



+----------------------------------------------------------------------------------+
; Analysis & Synthesis Summary                                                     ;
+------------------------------------+---------------------------------------------+
; Analysis & Synthesis Status        ; Successful - Wed Feb 05 01:15:01 2025       ;
; Quartus Prime Version              ; 20.1.1 Build 720 11/11/2020 SJ Lite Edition ;
; Revision Name                      ; t1a_fs_pwm                                  ;
; Top-level Entity Name              ; t1a_fs_pwm_bdf                              ;
; Family                             ; Cyclone IV E                                ;
; Total logic elements               ; 72                                          ;
;     Total combinational functions  ; 72                                          ;
;     Dedicated logic registers      ; 29                                          ;
; Total registers                    ; 29                                          ;
; Total pins                         ; 8                                           ;
; Total virtual pins                 ; 0                                           ;
; Total memory bits                  ; 0                                           ;
; Embedded Multiplier 9-bit elements ; 0                                           ;
; Total PLLs                         ; 0                                           ;
+------------------------------------+---------------------------------------------+


+------------------------------------------------------------------------------------------------------------+
; Analysis & Synthesis Settings                                                                              ;
+------------------------------------------------------------------+--------------------+--------------------+
; Option                                                           ; Setting            ; Default Value      ;
+------------------------------------------------------------------+--------------------+--------------------+
; Device                                                           ; EP4CE22F17C6       ;                    ;
; Top-level entity name                                            ; t1a_fs_pwm_bdf     ; t1a_fs_pwm         ;
; Family name                                                      ; Cyclone IV E       ; Cyclone V          ;
; Use smart compilation                                            ; Off                ; Off                ;
; Enable parallel Assembler and Timing Analyzer during compilation ; On                 ; On                 ;
; Enable compact report table                                      ; Off                ; Off                ;
; Restructure Multiplexers                                         ; Auto               ; Auto               ;
; Create Debugging Nodes for IP Cores                              ; Off                ; Off                ;
; Preserve fewer node names                                        ; On                 ; On                 ;
; Intel FPGA IP Evaluation Mode                                    ; Enable             ; Enable             ;
; Verilog Version                                                  ; Verilog_2001       ; Verilog_2001       ;
; VHDL Version                                                     ; VHDL_1993          ; VHDL_1993          ;
; State Machine Processing                                         ; Auto               ; Auto               ;
; Safe State Machine                                               ; Off                ; Off                ;
; Extract Verilog State Machines                                   ; On                 ; On                 ;
; Extract VHDL State Machines                                      ; On                 ; On                 ;
; Ignore Verilog initial constructs                                ; Off                ; Off                ;
; Iteration limit for constant Verilog loops                       ; 5000               ; 5000               ;
; Iteration limit for non-constant Verilog loops                   ; 250                ; 250                ;
; Add Pass-Through Logic to Inferred RAMs                          ; On                 ; On                 ;
; Infer RAMs from Raw Logic                                        ; On                 ; On                 ;
; Parallel Synthesis                                               ; On                 ; On                 ;
; DSP Block Balancing                                              ; Auto               ; Auto               ;
; NOT Gate Push-Back                                               ; On                 ; On                 ;
; Power-Up Don't Care                                              ; On                 ; On                 ;
; Remove Redundant Logic Cells                                     ; Off                ; Off                ;
; Remove Duplicate Registers                                       ; On                 ; On                 ;
; Ignore CARRY Buffers                                             ; Off                ; Off                ;
; Ignore CASCADE Buffers                                           ; Off                ; Off                ;
; Ignore GLOBAL Buffers                                            ; Off                ; Off                ;
; Ignore ROW GLOBAL Buffers                                        ; Off                ; Off                ;
; Ignore LCELL Buffers                                             ; Off                ; Off                ;
; Ignore SOFT Buffers                                              ; On                 ; On                 ;
; Limit AHDL Integers to 32 Bits                                   ; Off                ; Off                ;
; Optimization Technique                                           ; Balanced           ; Balanced           ;
; Carry Chain Length                                               ; 70                 ; 70                 ;
; Auto Carry Chains                                                ; On                 ; On                 ;
; Auto Open-Drain Pins                                             ; On                 ; On                 ;
; Perform WYSIWYG Primitive Resynthesis                            ; Off                ; Off                ;
; Auto ROM Replacement                                             ; On                 ; On                 ;
; Auto RAM Replacement                                             ; On                 ; On                 ;
; Auto DSP Block Replacement                                       ; On                 ; On                 ;
; Auto Shift Register Replacement                                  ; Auto               ; Auto               ;
; Allow Shift Register Merging across Hierarchies                  ; Auto               ; Auto               ;
; Auto Clock Enable Replacement                                    ; On                 ; On                 ;
; Strict RAM Replacement                                           ; Off                ; Off                ;
; Allow Synchronous Control Signals                                ; On                 ; On                 ;
; Force Use of Synchronous Clear Signals                           ; Off                ; Off                ;
; Auto RAM Block Balancing                                         ; On                 ; On                 ;
; Auto RAM to Logic Cell Conversion                                ; Off                ; Off                ;
; Auto Resource Sharing                                            ; Off                ; Off                ;
; Allow Any RAM Size For Recognition                               ; Off                ; Off                ;
; Allow Any ROM Size For Recognition                               ; Off                ; Off                ;
; Allow Any Shift Register Size For Recognition                    ; Off                ; Off                ;
; Use LogicLock Constraints during Resource Balancing              ; On                 ; On                 ;
; Ignore translate_off and synthesis_off directives                ; Off                ; Off                ;
; Timing-Driven Synthesis                                          ; On                 ; On                 ;
; Report Parameter Settings                                        ; On                 ; On                 ;
; Report Source Assignments                                        ; On                 ; On                 ;
; Report Connectivity Checks                                       ; On                 ; On                 ;
; Ignore Maximum Fan-Out Assignments                               ; Off                ; Off                ;
; Synchronization Register Chain Length                            ; 2                  ; 2                  ;
; Power Optimization During Synthesis                              ; Normal compilation ; Normal compilation ;
; HDL message level                                                ; Level2             ; Level2             ;
; Suppress Register Optimization Related Messages                  ; Off                ; Off                ;
; Number of Removed Registers Reported in Synthesis Report         ; 5000               ; 5000               ;
; Number of Swept Nodes Reported in Synthesis Report               ; 5000               ; 5000               ;
; Number of Inverted Registers Reported in Synthesis Report        ; 100                ; 100                ;
; Clock MUX Protection                                             ; On                 ; On                 ;
; Auto Gated Clock Conversion                                      ; Off                ; Off                ;
; Block Design Naming                                              ; Auto               ; Auto               ;
; SDC constraint protection                                        ; Off                ; Off                ;
; Synthesis Effort                                                 ; Auto               ; Auto               ;
; Shift Register Replacement - Allow Asynchronous Clear Signal     ; On                 ; On                 ;
; Pre-Mapping Resynthesis Optimization                             ; Off                ; Off                ;
; Analysis & Synthesis Message Level                               ; Medium             ; Medium             ;
; Disable Register Merging Across Hierarchies                      ; Auto               ; Auto               ;
; Resource Aware Inference For Block RAM                           ; On                 ; On                 ;
+------------------------------------------------------------------+--------------------+--------------------+


+------------------------------------------+
; Parallel Compilation                     ;
+----------------------------+-------------+
; Processors                 ; Number      ;
+----------------------------+-------------+
; Number detected on machine ; 16          ;
; Maximum allowed            ; 16          ;
;                            ;             ;
; Average used               ; 1.00        ;
; Maximum used               ; 16          ;
;                            ;             ;
; Usage by Processor         ; % Time Used ;
;     Processor 1            ; 100.0%      ;
;     Processor 2            ;   0.0%      ;
;     Processors 3-16        ;   0.0%      ;
+----------------------------+-------------+


+-------------------------------------------------------------------------------------------------------------------------------------------------------------------+
; Analysis & Synthesis Source Files Read                                                                                                                            ;
+----------------------------------+-----------------+------------------------+---------------------------------------------------------------------------+---------+
; File Name with User-Entered Path ; Used in Netlist ; File Type              ; File Name with Absolute Path                                              ; Library ;
+----------------------------------+-----------------+------------------------+---------------------------------------------------------------------------+---------+
; code/t1a_fs_pwm_bdf.v            ; yes             ; User Verilog HDL File  ; D:/e-yantra submissions/eb_2478_task1a/t1a_fs_pwm/code/t1a_fs_pwm_bdf.v   ;         ;
; code/pwm_generator.v             ; yes             ; User Verilog HDL File  ; D:/e-yantra submissions/eb_2478_task1a/t1a_fs_pwm/code/pwm_generator.v    ;         ;
; code/frequency_scaler.v          ; yes             ; User Verilog HDL File  ; D:/e-yantra submissions/eb_2478_task1a/t1a_fs_pwm/code/frequency_scaler.v ;         ;
; lpm_mult.tdf                     ; yes             ; Megafunction           ; c:/intelfpga_lite/20.1/quartus/libraries/megafunctions/lpm_mult.tdf       ;         ;
; aglobal201.inc                   ; yes             ; Megafunction           ; c:/intelfpga_lite/20.1/quartus/libraries/megafunctions/aglobal201.inc     ;         ;
; lpm_add_sub.inc                  ; yes             ; Megafunction           ; c:/intelfpga_lite/20.1/quartus/libraries/megafunctions/lpm_add_sub.inc    ;         ;
; multcore.inc                     ; yes             ; Megafunction           ; c:/intelfpga_lite/20.1/quartus/libraries/megafunctions/multcore.inc       ;         ;
; bypassff.inc                     ; yes             ; Megafunction           ; c:/intelfpga_lite/20.1/quartus/libraries/megafunctions/bypassff.inc       ;         ;
; altshift.inc                     ; yes             ; Megafunction           ; c:/intelfpga_lite/20.1/quartus/libraries/megafunctions/altshift.inc       ;         ;
; multcore.tdf                     ; yes             ; Megafunction           ; c:/intelfpga_lite/20.1/quartus/libraries/megafunctions/multcore.tdf       ;         ;
; csa_add.inc                      ; yes             ; Megafunction           ; c:/intelfpga_lite/20.1/quartus/libraries/megafunctions/csa_add.inc        ;         ;
; mpar_add.inc                     ; yes             ; Megafunction           ; c:/intelfpga_lite/20.1/quartus/libraries/megafunctions/mpar_add.inc       ;         ;
; muleabz.inc                      ; yes             ; Megafunction           ; c:/intelfpga_lite/20.1/quartus/libraries/megafunctions/muleabz.inc        ;         ;
; mul_lfrg.inc                     ; yes             ; Megafunction           ; c:/intelfpga_lite/20.1/quartus/libraries/megafunctions/mul_lfrg.inc       ;         ;
; mul_boothc.inc                   ; yes             ; Megafunction           ; c:/intelfpga_lite/20.1/quartus/libraries/megafunctions/mul_boothc.inc     ;         ;
; alt_ded_mult.inc                 ; yes             ; Megafunction           ; c:/intelfpga_lite/20.1/quartus/libraries/megafunctions/alt_ded_mult.inc   ;         ;
; alt_ded_mult_y.inc               ; yes             ; Megafunction           ; c:/intelfpga_lite/20.1/quartus/libraries/megafunctions/alt_ded_mult_y.inc ;         ;
; dffpipe.inc                      ; yes             ; Megafunction           ; c:/intelfpga_lite/20.1/quartus/libraries/megafunctions/dffpipe.inc        ;         ;
; mpar_add.tdf                     ; yes             ; Megafunction           ; c:/intelfpga_lite/20.1/quartus/libraries/megafunctions/mpar_add.tdf       ;         ;
; altshift.tdf                     ; yes             ; Megafunction           ; c:/intelfpga_lite/20.1/quartus/libraries/megafunctions/altshift.tdf       ;         ;
+----------------------------------+-----------------+------------------------+---------------------------------------------------------------------------+---------+


+----------------------------------------------------------------------------------+
; Analysis & Synthesis Resource Usage Summary                                      ;
+---------------------------------------------+------------------------------------+
; Resource                                    ; Usage                              ;
+---------------------------------------------+------------------------------------+
; Estimated Total logic elements              ; 72                                 ;
;                                             ;                                    ;
; Total combinational functions               ; 72                                 ;
; Logic element usage by number of LUT inputs ;                                    ;
;     -- 4 input functions                    ; 16                                 ;
;     -- 3 input functions                    ; 14                                 ;
;     -- <=2 input functions                  ; 42                                 ;
;                                             ;                                    ;
; Logic elements by mode                      ;                                    ;
;     -- normal mode                          ; 41                                 ;
;     -- arithmetic mode                      ; 31                                 ;
;                                             ;                                    ;
; Total registers                             ; 29                                 ;
;     -- Dedicated logic registers            ; 29                                 ;
;     -- I/O registers                        ; 0                                  ;
;                                             ;                                    ;
; I/O pins                                    ; 8                                  ;
;                                             ;                                    ;
; Embedded Multiplier 9-bit elements          ; 0                                  ;
;                                             ;                                    ;
; Maximum fan-out node                        ; frequency_scaler:b2v_inst|clk_1MHz ;
; Maximum fan-out                             ; 25                                 ;
; Total fan-out                               ; 249                                ;
; Average fan-out                             ; 2.13                               ;
+---------------------------------------------+------------------------------------+


+-------------------------------------------------------------------------------------------------------------------------------------------------------------------------------------------------------------------------------------------------------------------------+
; Analysis & Synthesis Resource Utilization by Entity                                                                                                                                                                                                                     ;
+--------------------------------+---------------------+---------------------------+-------------+--------------+---------+-----------+------+--------------+---------------------------------------------------------------------------+------------------+--------------+
; Compilation Hierarchy Node     ; Combinational ALUTs ; Dedicated Logic Registers ; Memory Bits ; DSP Elements ; DSP 9x9 ; DSP 18x18 ; Pins ; Virtual Pins ; Full Hierarchy Name                                                       ; Entity Name      ; Library Name ;
+--------------------------------+---------------------+---------------------------+-------------+--------------+---------+-----------+------+--------------+---------------------------------------------------------------------------+------------------+--------------+
; |t1a_fs_pwm_bdf                ; 72 (0)              ; 29 (0)                    ; 0           ; 0            ; 0       ; 0         ; 8    ; 0            ; |t1a_fs_pwm_bdf                                                           ; t1a_fs_pwm_bdf   ; work         ;
;    |frequency_scaler:b2v_inst| ; 12 (12)             ; 6 (6)                     ; 0           ; 0            ; 0       ; 0         ; 0    ; 0            ; |t1a_fs_pwm_bdf|frequency_scaler:b2v_inst                                 ; frequency_scaler ; work         ;
;    |pwm_generator:b2v_inst1|   ; 60 (54)             ; 23 (23)                   ; 0           ; 0            ; 0       ; 0         ; 0    ; 0            ; |t1a_fs_pwm_bdf|pwm_generator:b2v_inst1                                   ; pwm_generator    ; work         ;
;       |lpm_mult:Mult0|         ; 6 (0)               ; 0 (0)                     ; 0           ; 0            ; 0       ; 0         ; 0    ; 0            ; |t1a_fs_pwm_bdf|pwm_generator:b2v_inst1|lpm_mult:Mult0                    ; lpm_mult         ; work         ;
;          |multcore:mult_core|  ; 6 (6)               ; 0 (0)                     ; 0           ; 0            ; 0       ; 0         ; 0    ; 0            ; |t1a_fs_pwm_bdf|pwm_generator:b2v_inst1|lpm_mult:Mult0|multcore:mult_core ; multcore         ; work         ;
+--------------------------------+---------------------+---------------------------+-------------+--------------+---------+-----------+------+--------------+---------------------------------------------------------------------------+------------------+--------------+
Note: For table entries with two numbers listed, the numbers in parentheses indicate the number of resources of the given type used by the specific entity alone. The numbers listed outside of parentheses indicate the total resources of the given type used by the specific entity and all of its sub-entities in the hierarchy.


+------------------------------------------------------+
; General Register Statistics                          ;
+----------------------------------------------+-------+
; Statistic                                    ; Value ;
+----------------------------------------------+-------+
; Total registers                              ; 29    ;
; Number of registers using Synchronous Clear  ; 0     ;
; Number of registers using Synchronous Load   ; 0     ;
; Number of registers using Asynchronous Clear ; 0     ;
; Number of registers using Asynchronous Load  ; 0     ;
; Number of registers using Clock Enable       ; 0     ;
; Number of registers using Preset             ; 0     ;
+----------------------------------------------+-------+


+----------------------------------------------------+
; Inverted Register Statistics                       ;
+------------------------------------------+---------+
; Inverted Register                        ; Fan out ;
+------------------------------------------+---------+
; pwm_generator:b2v_inst1|pwm_signal       ; 1       ;
; pwm_generator:b2v_inst1|clk_500Hz        ; 2       ;
; frequency_scaler:b2v_inst|clk_1MHz       ; 25      ;
; pwm_generator:b2v_inst1|counter_500Hz[4] ; 2       ;
; pwm_generator:b2v_inst1|counter_500Hz[3] ; 2       ;
; pwm_generator:b2v_inst1|counter_500Hz[5] ; 2       ;
; pwm_generator:b2v_inst1|counter_500Hz[2] ; 2       ;
; pwm_generator:b2v_inst1|counter_500Hz[1] ; 2       ;
; pwm_generator:b2v_inst1|counter_500Hz[0] ; 2       ;
; pwm_generator:b2v_inst1|counter_500Hz[6] ; 2       ;
; pwm_generator:b2v_inst1|counter_500Hz[7] ; 2       ;
; pwm_generator:b2v_inst1|counter_500Hz[8] ; 2       ;
; pwm_generator:b2v_inst1|counter_500Hz[9] ; 2       ;
; frequency_scaler:b2v_inst|counter[2]     ; 2       ;
; frequency_scaler:b2v_inst|counter[1]     ; 2       ;
; frequency_scaler:b2v_inst|counter[0]     ; 2       ;
; frequency_scaler:b2v_inst|counter[3]     ; 2       ;
; frequency_scaler:b2v_inst|counter[4]     ; 5       ;
; Total number of inverted registers = 18  ;         ;
+------------------------------------------+---------+


+-----------------------------------------------------------------------------------------+
; Parameter Settings for Inferred Entity Instance: pwm_generator:b2v_inst1|lpm_mult:Mult0 ;
+------------------------------------------------+--------------+-------------------------+
; Parameter Name                                 ; Value        ; Type                    ;
+------------------------------------------------+--------------+-------------------------+
; AUTO_CARRY_CHAINS                              ; ON           ; AUTO_CARRY              ;
; IGNORE_CARRY_BUFFERS                           ; OFF          ; IGNORE_CARRY            ;
; AUTO_CASCADE_CHAINS                            ; ON           ; AUTO_CASCADE            ;
; IGNORE_CASCADE_BUFFERS                         ; OFF          ; IGNORE_CASCADE          ;
; LPM_WIDTHA                                     ; 4            ; Untyped                 ;
; LPM_WIDTHB                                     ; 7            ; Untyped                 ;
; LPM_WIDTHP                                     ; 11           ; Untyped                 ;
; LPM_WIDTHR                                     ; 11           ; Untyped                 ;
; LPM_WIDTHS                                     ; 1            ; Untyped                 ;
; LPM_REPRESENTATION                             ; UNSIGNED     ; Untyped                 ;
; LPM_PIPELINE                                   ; 0            ; Untyped                 ;
; LATENCY                                        ; 0            ; Untyped                 ;
; INPUT_A_IS_CONSTANT                            ; NO           ; Untyped                 ;
; INPUT_B_IS_CONSTANT                            ; YES          ; Untyped                 ;
; USE_EAB                                        ; OFF          ; Untyped                 ;
; MAXIMIZE_SPEED                                 ; 5            ; Untyped                 ;
; DEVICE_FAMILY                                  ; Cyclone IV E ; Untyped                 ;
; CARRY_CHAIN                                    ; MANUAL       ; Untyped                 ;
; APEX20K_TECHNOLOGY_MAPPER                      ; LUT          ; TECH_MAPPER_APEX20K     ;
; DEDICATED_MULTIPLIER_CIRCUITRY                 ; AUTO         ; Untyped                 ;
; DEDICATED_MULTIPLIER_MIN_INPUT_WIDTH_FOR_AUTO  ; 0            ; Untyped                 ;
; DEDICATED_MULTIPLIER_MIN_OUTPUT_WIDTH_FOR_AUTO ; 0            ; Untyped                 ;
; CBXI_PARAMETER                                 ; NOTHING      ; Untyped                 ;
; INPUT_A_FIXED_VALUE                            ; Bx           ; Untyped                 ;
; INPUT_B_FIXED_VALUE                            ; Bx           ; Untyped                 ;
; USE_AHDL_IMPLEMENTATION                        ; OFF          ; Untyped                 ;
+------------------------------------------------+--------------+-------------------------+
Note: In order to hide this table in the UI and the text report file, please set the "Show Parameter Settings in Synthesis Report" option in "Analysis and Synthesis Settings -> More Settings" to "Off".


+--------------------------------------------------------------------------------+
; lpm_mult Parameter Settings by Entity Instance                                 ;
+---------------------------------------+----------------------------------------+
; Name                                  ; Value                                  ;
+---------------------------------------+----------------------------------------+
; Number of entity instances            ; 1                                      ;
; Entity Instance                       ; pwm_generator:b2v_inst1|lpm_mult:Mult0 ;
;     -- LPM_WIDTHA                     ; 4                                      ;
;     -- LPM_WIDTHB                     ; 7                                      ;
;     -- LPM_WIDTHP                     ; 11                                     ;
;     -- LPM_REPRESENTATION             ; UNSIGNED                               ;
;     -- INPUT_A_IS_CONSTANT            ; NO                                     ;
;     -- INPUT_B_IS_CONSTANT            ; YES                                    ;
;     -- USE_EAB                        ; OFF                                    ;
;     -- DEDICATED_MULTIPLIER_CIRCUITRY ; AUTO                                   ;
;     -- INPUT_A_FIXED_VALUE            ; Bx                                     ;
;     -- INPUT_B_FIXED_VALUE            ; Bx                                     ;
+---------------------------------------+----------------------------------------+


+-----------------------------------------------------+
; Post-Synthesis Netlist Statistics for Top Partition ;
+-----------------------+-----------------------------+
; Type                  ; Count                       ;
+-----------------------+-----------------------------+
; boundary_port         ; 8                           ;
; cycloneiii_ff         ; 29                          ;
;     plain             ; 29                          ;
; cycloneiii_lcell_comb ; 75                          ;
;     arith             ; 31                          ;
;         2 data inputs ; 23                          ;
;         3 data inputs ; 8                           ;
;     normal            ; 44                          ;
;         1 data inputs ; 13                          ;
;         2 data inputs ; 9                           ;
;         3 data inputs ; 6                           ;
;         4 data inputs ; 16                          ;
;                       ;                             ;
; Max LUT depth         ; 3.50                        ;
; Average LUT depth     ; 2.56                        ;
+-----------------------+-----------------------------+


+-------------------------------+
; Elapsed Time Per Partition    ;
+----------------+--------------+
; Partition Name ; Elapsed Time ;
+----------------+--------------+
; Top            ; 00:00:01     ;
+----------------+--------------+


+-------------------------------+
; Analysis & Synthesis Messages ;
+-------------------------------+
Info: *******************************************************************
Info: Running Quartus Prime Analysis & Synthesis
    Info: Version 20.1.1 Build 720 11/11/2020 SJ Lite Edition
    Info: Processing started: Wed Feb 05 01:14:47 2025
Info: Command: quartus_map --read_settings_files=on --write_settings_files=off t1a_fs_pwm -c t1a_fs_pwm
Warning (18236): Number of processors has not been specified which may cause overloading on shared machines.  Set the global assignment NUM_PARALLEL_PROCESSORS in your QSF to an appropriate value for best performance.
Info (20030): Parallel compilation is enabled and will use 16 of the 16 processors detected
Info (12021): Found 1 design units, including 1 entities, in source file code/t1a_fs_pwm_bdf.v
    Info (12023): Found entity 1: t1a_fs_pwm_bdf File: D:/e-yantra submissions/eb_2478_task1a/t1a_fs_pwm/code/t1a_fs_pwm_bdf.v Line: 20
Info (12021): Found 1 design units, including 1 entities, in source file code/pwm_generator.v
    Info (12023): Found entity 1: pwm_generator File: D:/e-yantra submissions/eb_2478_task1a/t1a_fs_pwm/code/pwm_generator.v Line: 7
Info (12021): Found 1 design units, including 1 entities, in source file code/frequency_scaler.v
    Info (12023): Found entity 1: frequency_scaler File: D:/e-yantra submissions/eb_2478_task1a/t1a_fs_pwm/code/frequency_scaler.v Line: 20
Info (12021): Found 1 design units, including 1 entities, in source file code/t1a_fs_pwm.bdf
    Info (12023): Found entity 1: t1a_fs_pwm
Info (12127): Elaborating entity "t1a_fs_pwm_bdf" for the top level hierarchy
Info (12128): Elaborating entity "frequency_scaler" for hierarchy "frequency_scaler:b2v_inst" File: D:/e-yantra submissions/eb_2478_task1a/t1a_fs_pwm/code/t1a_fs_pwm_bdf.v Line: 44
Warning (10230): Verilog HDL assignment warning at frequency_scaler.v(32): truncated value with size 32 to match size of target (5) File: D:/e-yantra submissions/eb_2478_task1a/t1a_fs_pwm/code/frequency_scaler.v Line: 32
Warning (10230): Verilog HDL assignment warning at frequency_scaler.v(38): truncated value with size 32 to match size of target (5) File: D:/e-yantra submissions/eb_2478_task1a/t1a_fs_pwm/code/frequency_scaler.v Line: 38
Info (12128): Elaborating entity "pwm_generator" for hierarchy "pwm_generator:b2v_inst1" File: D:/e-yantra submissions/eb_2478_task1a/t1a_fs_pwm/code/t1a_fs_pwm_bdf.v Line: 51
Warning (10230): Verilog HDL assignment warning at pwm_generator.v(19): truncated value with size 32 to match size of target (10) File: D:/e-yantra submissions/eb_2478_task1a/t1a_fs_pwm/code/pwm_generator.v Line: 19
Warning (10230): Verilog HDL assignment warning at pwm_generator.v(27): truncated value with size 32 to match size of target (10) File: D:/e-yantra submissions/eb_2478_task1a/t1a_fs_pwm/code/pwm_generator.v Line: 27
Warning (10230): Verilog HDL assignment warning at pwm_generator.v(44): truncated value with size 32 to match size of target (11) File: D:/e-yantra submissions/eb_2478_task1a/t1a_fs_pwm/code/pwm_generator.v Line: 44
Info (278001): Inferred 1 megafunctions from design logic
    Info (278003): Inferred multiplier megafunction ("lpm_mult") from the following logic: "pwm_generator:b2v_inst1|Mult0" File: D:/e-yantra submissions/eb_2478_task1a/t1a_fs_pwm/code/pwm_generator.v Line: 33
Info (12130): Elaborated megafunction instantiation "pwm_generator:b2v_inst1|lpm_mult:Mult0" File: D:/e-yantra submissions/eb_2478_task1a/t1a_fs_pwm/code/pwm_generator.v Line: 33
Info (12133): Instantiated megafunction "pwm_generator:b2v_inst1|lpm_mult:Mult0" with the following parameter: File: D:/e-yantra submissions/eb_2478_task1a/t1a_fs_pwm/code/pwm_generator.v Line: 33
    Info (12134): Parameter "LPM_WIDTHA" = "4"
    Info (12134): Parameter "LPM_WIDTHB" = "7"
    Info (12134): Parameter "LPM_WIDTHP" = "11"
    Info (12134): Parameter "LPM_WIDTHR" = "11"
    Info (12134): Parameter "LPM_WIDTHS" = "1"
    Info (12134): Parameter "LPM_REPRESENTATION" = "UNSIGNED"
    Info (12134): Parameter "INPUT_A_IS_CONSTANT" = "NO"
    Info (12134): Parameter "INPUT_B_IS_CONSTANT" = "YES"
    Info (12134): Parameter "MAXIMIZE_SPEED" = "5"
Info (12131): Elaborated megafunction instantiation "pwm_generator:b2v_inst1|lpm_mult:Mult0|multcore:mult_core", which is child of megafunction instantiation "pwm_generator:b2v_inst1|lpm_mult:Mult0" File: c:/intelfpga_lite/20.1/quartus/libraries/megafunctions/lpm_mult.tdf Line: 309
Info (12131): Elaborated megafunction instantiation "pwm_generator:b2v_inst1|lpm_mult:Mult0|multcore:mult_core|mpar_add:padder", which is child of megafunction instantiation "pwm_generator:b2v_inst1|lpm_mult:Mult0" File: c:/intelfpga_lite/20.1/quartus/libraries/megafunctions/multcore.tdf Line: 229
Info (12131): Elaborated megafunction instantiation "pwm_generator:b2v_inst1|lpm_mult:Mult0|altshift:external_latency_ffs", which is child of megafunction instantiation "pwm_generator:b2v_inst1|lpm_mult:Mult0" File: c:/intelfpga_lite/20.1/quartus/libraries/megafunctions/lpm_mult.tdf Line: 352
Info (286030): Timing-Driven Synthesis is running
Info (16010): Generating hard_block partition "hard_block:auto_generated_inst"
    Info (16011): Adding 0 node(s), including 0 DDIO, 0 PLL, 0 transceiver and 0 LCELL
Info (21057): Implemented 80 device resources after synthesis - the final resource count might be different
    Info (21058): Implemented 5 input pins
    Info (21059): Implemented 3 output pins
    Info (21061): Implemented 72 logic cells
Info: Quartus Prime Analysis & Synthesis was successful. 0 errors, 6 warnings
    Info: Peak virtual memory: 4836 megabytes
    Info: Processing ended: Wed Feb 05 01:15:01 2025
    Info: Elapsed time: 00:00:14
    Info: Total CPU time (on all processors): 00:00:24


